{"level":"warning","msg":"This feature is not supported at the moment!","time":"2024-02-01T22:09:31+08:00"}
{"level":"warning","msg":"This feature is not supported at the moment!","time":"2024-02-01T22:11:18+08:00"}
{"level":"debug","msg":"use mysql as db","time":"2024-02-01T22:13:01+08:00"}
{"level":"debug","msg":"Database is being migrated...","time":"2024-02-01T22:13:01+08:00"}
{"level":"debug","msg":"use postgres mysql as db","time":"2024-02-01T22:15:02+08:00"}
{"level":"debug","msg":"Database is being migrated...","time":"2024-02-01T22:15:02+08:00"}
{"level":"info","msg":"E:/Codefield/nunu/cmd/migration.go:42 错误: 语法错误 在 \"ENGINE\" 或附近的 (SQLSTATE 42601)\n[15.579ms] [rows:0] CREATE TABLE \"p_user\" (\"id\" bigserial,\"created_on\" bigint,\"modified_on\" bigint,\"deleted_on\" bigint,\"is_del\" bigint,\"nickname\" text,\"username\" text,\"phone\" text,\"password\" text,\"salt\" text,\"status\" bigint,\"avatar\" text,\"balance\" bigint,\"is_admin\" boolean,\"mail\" text,PRIMARY KEY (\"id\"))ENGINE=InnoDB","time":"2024-02-01T22:15:02+08:00"}
{"level":"debug","msg":"use postgres mysql as db","time":"2024-02-01T22:16:31+08:00"}
{"level":"debug","msg":"Database is being migrated...","time":"2024-02-01T22:16:32+08:00"}
{"level":"info","msg":"E:/Codefield/nunu/cmd/migration.go:42 错误: 语法错误 在 \"ENGINE\" 或附近的 (SQLSTATE 42601)\n[2.139ms] [rows:0] CREATE TABLE \"p_user\" (\"id\" bigserial,\"created_on\" bigint,\"modified_on\" bigint,\"deleted_on\" bigint,\"is_del\" bigint,\"nickname\" text,\"username\" text,\"phone\" text,\"password\" text,\"salt\" text,\"status\" bigint,\"avatar\" text,\"balance\" bigint,\"is_admin\" boolean,\"mail\" text,PRIMARY KEY (\"id\"))ENGINE=InnoDB","time":"2024-02-01T22:16:32+08:00"}
{"level":"debug","msg":"use postgres mysql as db","time":"2024-02-01T22:17:17+08:00"}
{"level":"debug","msg":"Database is being migrated...","time":"2024-02-01T22:17:17+08:00"}
{"level":"info","msg":"E:/Codefield/nunu/cmd/migration.go:42 错误: 语法错误 在 \"ENGINE\" 或附近的 (SQLSTATE 42601)\n[2.322ms] [rows:0] CREATE TABLE \"p_user\" (\"id\" bigserial,\"created_on\" bigint,\"modified_on\" bigint,\"deleted_on\" bigint,\"is_del\" bigint,\"nickname\" text,\"username\" text,\"phone\" text,\"password\" text,\"salt\" text,\"status\" bigint,\"avatar\" text,\"balance\" bigint,\"is_admin\" boolean,\"mail\" text,PRIMARY KEY (\"id\"))ENGINE=InnoDB","time":"2024-02-01T22:17:17+08:00"}
{"level":"debug","msg":"use postgres mysql as db","time":"2024-02-01T22:24:04+08:00"}
{"level":"debug","msg":"Database is being migrated...","time":"2024-02-01T22:24:04+08:00"}
{"level":"error","msg":"An error occurred while migrating the database:%!s(\u003cnil\u003e)","time":"2024-02-01T22:24:05+08:00"}
{"level":"debug","msg":"use default of mysql as db","time":"2024-02-01T22:24:46+08:00"}
{"level":"debug","msg":"Database is being migrated...","time":"2024-02-01T22:24:46+08:00"}
{"level":"error","msg":"An error occurred while migrating the database:%!s(\u003cnil\u003e)","time":"2024-02-01T22:24:46+08:00"}
{"level":"debug","msg":"use sqlite3 as db","time":"2024-02-01T22:25:29+08:00"}
{"level":"debug","msg":"Database is being migrated...","time":"2024-02-01T22:25:29+08:00"}
{"level":"error","msg":"An error occurred while migrating the database:%!s(\u003cnil\u003e)","time":"2024-02-01T22:25:29+08:00"}
{"level":"debug","msg":"use sqlite3 as db","time":"2024-02-05T00:40:42+08:00"}
{"level":"debug","msg":"Database is being migrated...","time":"2024-02-05T00:40:42+08:00"}
{"level":"error","msg":"An error occurred while migrating the database:%!s(\u003cnil\u003e)","time":"2024-02-05T00:40:42+08:00"}
{"level":"debug","msg":"use sqlite3 as db","time":"2024-02-05T14:56:25+08:00"}
{"level":"debug","msg":"use sqlite3 as db","time":"2024-02-13T13:57:22+08:00"}
{"level":"debug","msg":"Database is being migrated...","time":"2024-02-13T13:57:22+08:00"}
{"level":"error","msg":"An error occurred while migrating the database:%!s(\u003cnil\u003e)","time":"2024-02-13T13:57:22+08:00"}
{"level":"debug","msg":"use sqlite3 as db","time":"2024-02-13T13:58:37+08:00"}
{"level":"debug","msg":"Database is being migrated...","time":"2024-02-13T13:58:37+08:00"}
{"level":"error","msg":"An error occurred while migrating the database:%!s(\u003cnil\u003e)","time":"2024-02-13T13:58:37+08:00"}
{"level":"debug","msg":"use sqlite3 as db","time":"2024-02-13T13:59:26+08:00"}
{"level":"debug","msg":"Database is being migrated...","time":"2024-02-13T13:59:26+08:00"}
{"level":"error","msg":"An error occurred while migrating the database:\u003cnil\u003e","time":"2024-02-13T13:59:26+08:00"}
{"level":"debug","msg":"use sqlite3 as db","time":"2024-02-13T14:01:05+08:00"}
{"level":"debug","msg":"Database is being migrated...","time":"2024-02-13T14:01:05+08:00"}
{"level":"error","msg":"An error occurred while migrating the database:\u003cnil\u003e","time":"2024-02-13T14:01:05+08:00"}
{"level":"debug","msg":"use sqlite3 as db","time":"2024-02-13T14:02:21+08:00"}
{"level":"debug","msg":"Database is being migrated...","time":"2024-02-13T14:02:21+08:00"}
{"level":"debug","msg":"use sqlite3 as db","time":"2024-02-16T19:42:16+08:00"}
{"level":"debug","msg":"use sqlite3 as db","time":"2024-02-16T19:56:44+08:00"}
{"level":"debug","msg":"use sqlite3 as db","time":"2024-02-16T19:57:32+08:00"}
{"level":"debug","msg":"use sqlite3 as db","time":"2024-02-16T19:59:56+08:00"}
{"level":"debug","msg":"use sqlite3 as db","time":"2024-02-16T20:00:35+08:00"}
{"level":"debug","msg":"use sqlite3 as db","time":"2024-02-16T20:13:20+08:00"}
{"level":"debug","msg":"use sqlite3 as db","time":"2024-02-16T20:13:53+08:00"}
{"level":"debug","msg":"use sqlite3 as db","time":"2024-02-16T20:19:56+08:00"}
{"level":"debug","msg":"use sqlite3 as db","time":"2024-02-16T20:20:34+08:00"}
{"level":"debug","msg":"use sqlite3 as db","time":"2024-02-16T20:22:27+08:00"}
{"level":"debug","msg":"use sqlite3 as db","time":"2024-02-16T20:39:07+08:00"}
{"level":"debug","msg":"use sqlite3 as db","time":"2024-02-16T20:40:13+08:00"}
{"level":"debug","msg":"use sqlite3 as db","time":"2024-02-16T20:40:41+08:00"}
{"level":"debug","msg":"use sqlite3 as db","time":"2024-02-16T20:41:43+08:00"}
{"level":"debug","msg":"use sqlite3 as db","time":"2024-02-16T20:45:36+08:00"}
{"level":"debug","msg":"use sqlite3 as db","time":"2024-02-16T20:45:57+08:00"}
{"level":"debug","msg":"use sqlite3 as db","time":"2024-02-16T20:51:55+08:00"}
{"level":"debug","msg":"use sqlite3 as db","time":"2024-02-16T20:53:44+08:00"}
{"level":"debug","msg":"use sqlite3 as db","time":"2024-02-16T20:54:15+08:00"}
{"level":"debug","msg":"use sqlite3 as db","time":"2024-02-16T20:55:02+08:00"}
{"level":"debug","msg":"use sqlite3 as db","time":"2024-02-16T20:56:21+08:00"}
{"level":"debug","msg":"use sqlite3 as db","time":"2024-02-16T20:58:22+08:00"}
{"level":"debug","msg":"use sqlite3 as db","time":"2024-02-16T20:58:48+08:00"}
{"level":"debug","msg":"use sqlite3 as db","time":"2024-02-16T21:16:04+08:00"}
{"level":"debug","msg":"use sqlite3 as db","time":"2024-02-16T21:26:32+08:00"}
{"level":"debug","msg":"use sqlite3 as db","time":"2024-02-16T21:39:42+08:00"}
{"level":"debug","msg":"use sqlite3 as db","time":"2024-02-16T21:41:06+08:00"}
{"level":"debug","msg":"use sqlite3 as db","time":"2024-02-16T21:43:47+08:00"}
{"level":"debug","msg":"use sqlite3 as db","time":"2024-02-16T21:53:11+08:00"}
{"level":"debug","msg":"use sqlite3 as db","time":"2024-02-16T21:58:49+08:00"}
{"level":"debug","msg":"use sqlite3 as db","time":"2024-02-16T22:02:51+08:00"}
{"level":"error","msg":"listen tcp 0.0.0.0:8008: bind: Only one usage of each socket address (protocol/network address/port) is normally permitted.","time":"2024-02-16T22:02:51+08:00"}
{"level":"debug","msg":"use sqlite3 as db","time":"2024-02-16T22:03:16+08:00"}
{"level":"debug","msg":"use sqlite3 as db","time":"2024-02-16T22:04:09+08:00"}
{"level":"debug","msg":"use sqlite3 as db","time":"2024-02-16T22:04:22+08:00"}
{"level":"debug","msg":"use sqlite3 as db","time":"2024-02-16T22:04:30+08:00"}
{"level":"debug","msg":"use sqlite3 as db","time":"2024-02-16T22:05:05+08:00"}
{"level":"debug","msg":"use sqlite3 as db","time":"2024-02-16T22:12:30+08:00"}
{"level":"debug","msg":"use sqlite3 as db","time":"2024-02-16T22:14:15+08:00"}
{"level":"debug","msg":"use sqlite3 as db","time":"2024-02-16T22:15:13+08:00"}
{"level":"debug","msg":"use sqlite3 as db","time":"2024-02-16T22:18:42+08:00"}
{"level":"debug","msg":"use sqlite3 as db","time":"2024-02-16T22:19:40+08:00"}
{"level":"debug","msg":"use sqlite3 as db","time":"2024-02-16T22:21:31+08:00"}
{"level":"debug","msg":"use sqlite3 as db","time":"2024-02-16T22:24:56+08:00"}
{"level":"debug","msg":"use sqlite3 as db","time":"2024-02-16T22:25:22+08:00"}
{"level":"debug","msg":"use sqlite3 as db","time":"2024-02-16T22:35:49+08:00"}
{"level":"debug","msg":"use sqlite3 as db","time":"2024-02-16T22:40:49+08:00"}
{"level":"debug","msg":"use sqlite3 as db","time":"2024-02-16T22:42:25+08:00"}
{"level":"debug","msg":"use sqlite3 as db","time":"2024-02-16T22:43:58+08:00"}
{"level":"debug","msg":"use sqlite3 as db","time":"2024-02-16T22:44:44+08:00"}
{"level":"debug","msg":"use sqlite3 as db","time":"2024-02-16T23:17:14+08:00"}
{"level":"debug","msg":"use sqlite3 as db","time":"2024-02-17T09:40:37+08:00"}
{"level":"debug","msg":"use sqlite3 as db","time":"2024-02-17T09:41:19+08:00"}
{"level":"debug","msg":"use sqlite3 as db","time":"2024-02-17T09:41:36+08:00"}
{"level":"debug","msg":"use sqlite3 as db","time":"2024-02-17T09:44:03+08:00"}
{"level":"debug","msg":"use sqlite3 as db","time":"2024-02-17T09:44:28+08:00"}
{"level":"debug","msg":"use sqlite3 as db","time":"2024-02-17T10:40:05+08:00"}
{"level":"debug","msg":"use sqlite3 as db","time":"2024-02-17T10:40:27+08:00"}
{"level":"debug","msg":"use sqlite3 as db","time":"2024-02-17T10:41:41+08:00"}
{"level":"debug","msg":"use sqlite3 as db","time":"2024-02-17T10:42:54+08:00"}
{"level":"debug","msg":"use sqlite3 as db","time":"2024-02-17T10:43:20+08:00"}
{"level":"debug","msg":"use sqlite3 as db","time":"2024-02-17T10:43:58+08:00"}
{"level":"debug","msg":"use sqlite3 as db","time":"2024-02-17T10:44:35+08:00"}
{"level":"debug","msg":"use sqlite3 as db","time":"2024-02-17T10:51:34+08:00"}
{"level":"debug","msg":"use sqlite3 as db","time":"2024-02-17T10:51:45+08:00"}
{"level":"debug","msg":"use sqlite3 as db","time":"2024-02-17T10:52:02+08:00"}
{"level":"debug","msg":"use sqlite3 as db","time":"2024-02-17T10:54:51+08:00"}
{"level":"debug","msg":"use sqlite3 as db","time":"2024-02-17T10:55:21+08:00"}
{"level":"debug","msg":"use sqlite3 as db","time":"2024-02-17T10:55:50+08:00"}
{"level":"debug","msg":"use sqlite3 as db","time":"2024-02-17T10:56:19+08:00"}
{"level":"debug","msg":"use sqlite3 as db","time":"2024-02-17T10:56:45+08:00"}
{"level":"debug","msg":"use sqlite3 as db","time":"2024-02-17T11:00:04+08:00"}
{"level":"debug","msg":"use sqlite3 as db","time":"2024-02-17T11:02:59+08:00"}
{"level":"debug","msg":"use sqlite3 as db","time":"2024-02-17T11:06:15+08:00"}
{"level":"debug","msg":"use sqlite3 as db","time":"2024-02-17T11:06:35+08:00"}
{"level":"debug","msg":"use sqlite3 as db","time":"2024-02-17T11:06:48+08:00"}
{"level":"debug","msg":"use sqlite3 as db","time":"2024-02-17T11:08:43+08:00"}
{"level":"debug","msg":"use sqlite3 as db","time":"2024-02-17T11:10:05+08:00"}
{"level":"debug","msg":"use sqlite3 as db","time":"2024-02-17T11:15:19+08:00"}
{"level":"debug","msg":"use sqlite3 as db","time":"2024-02-17T11:15:41+08:00"}
{"level":"debug","msg":"use sqlite3 as db","time":"2024-02-17T11:18:07+08:00"}
{"level":"debug","msg":"use sqlite3 as db","time":"2024-02-17T11:18:54+08:00"}
{"level":"debug","msg":"use sqlite3 as db","time":"2024-02-17T11:21:11+08:00"}
{"level":"debug","msg":"use sqlite3 as db","time":"2024-02-17T11:26:20+08:00"}
{"level":"debug","msg":"use sqlite3 as db","time":"2024-02-17T11:44:25+08:00"}
{"level":"debug","msg":"use sqlite3 as db","time":"2024-02-17T11:45:48+08:00"}
{"level":"debug","msg":"use sqlite3 as db","time":"2024-02-17T11:46:02+08:00"}
{"level":"debug","msg":"use sqlite3 as db","time":"2024-02-17T11:46:16+08:00"}
{"level":"debug","msg":"use sqlite3 as db","time":"2024-02-17T11:46:29+08:00"}
{"level":"debug","msg":"use sqlite3 as db","time":"2024-02-17T11:46:55+08:00"}
{"level":"debug","msg":"use sqlite3 as db","time":"2024-02-17T11:47:17+08:00"}
{"level":"debug","msg":"use sqlite3 as db","time":"2024-02-17T11:47:37+08:00"}
{"level":"debug","msg":"use sqlite3 as db","time":"2024-02-17T11:47:56+08:00"}
{"level":"debug","msg":"use sqlite3 as db","time":"2024-02-17T11:48:27+08:00"}
{"level":"debug","msg":"use sqlite3 as db","time":"2024-02-17T11:48:36+08:00"}
{"level":"debug","msg":"use sqlite3 as db","time":"2024-02-17T11:49:55+08:00"}
{"level":"debug","msg":"use sqlite3 as db","time":"2024-02-17T11:50:55+08:00"}
{"level":"debug","msg":"use sqlite3 as db","time":"2024-02-17T12:18:36+08:00"}
{"level":"debug","msg":"use sqlite3 as db","time":"2024-02-17T12:23:15+08:00"}
{"level":"debug","msg":"use sqlite3 as db","time":"2024-02-17T12:27:00+08:00"}
{"level":"debug","msg":"use sqlite3 as db","time":"2024-02-17T14:43:00+08:00"}
{"level":"debug","msg":"use sqlite3 as db","time":"2024-02-17T14:51:12+08:00"}
{"level":"debug","msg":"use sqlite3 as db","time":"2024-02-17T15:03:43+08:00"}
{"level":"debug","msg":"use sqlite3 as db","time":"2024-02-17T15:04:48+08:00"}
{"level":"debug","msg":"use sqlite3 as db","time":"2024-02-17T15:05:40+08:00"}
{"level":"debug","msg":"use sqlite3 as db","time":"2024-02-17T15:17:30+08:00"}
{"level":"debug","msg":"use sqlite3 as db","time":"2024-02-17T15:18:47+08:00"}
{"level":"debug","msg":"use sqlite3 as db","time":"2024-02-17T15:22:05+08:00"}
{"level":"debug","msg":"use sqlite3 as db","time":"2024-02-17T15:22:27+08:00"}
{"level":"debug","msg":"use sqlite3 as db","time":"2024-02-17T15:22:30+08:00"}
{"level":"error","msg":"listen tcp 0.0.0.0:8008: bind: Only one usage of each socket address (protocol/network address/port) is normally permitted.","time":"2024-02-17T15:22:30+08:00"}
{"level":"debug","msg":"use sqlite3 as db","time":"2024-02-17T15:24:11+08:00"}
{"level":"debug","msg":"use sqlite3 as db","time":"2024-02-17T15:28:00+08:00"}
{"level":"debug","msg":"use sqlite3 as db","time":"2024-02-17T15:28:02+08:00"}
{"level":"error","msg":"listen tcp 0.0.0.0:8008: bind: Only one usage of each socket address (protocol/network address/port) is normally permitted.","time":"2024-02-17T15:28:02+08:00"}
{"level":"debug","msg":"use sqlite3 as db","time":"2024-02-17T15:28:24+08:00"}
{"level":"debug","msg":"use sqlite3 as db","time":"2024-02-17T15:28:26+08:00"}
{"level":"error","msg":"listen tcp 0.0.0.0:8008: bind: Only one usage of each socket address (protocol/network address/port) is normally permitted.","time":"2024-02-17T15:28:26+08:00"}
{"level":"debug","msg":"use sqlite3 as db","time":"2024-02-17T15:28:27+08:00"}
{"level":"debug","msg":"use sqlite3 as db","time":"2024-02-17T15:28:29+08:00"}
{"level":"error","msg":"listen tcp 0.0.0.0:8008: bind: Only one usage of each socket address (protocol/network address/port) is normally permitted.","time":"2024-02-17T15:28:29+08:00"}
{"level":"debug","msg":"use sqlite3 as db","time":"2024-02-17T15:28:36+08:00"}
{"level":"debug","msg":"use sqlite3 as db","time":"2024-02-17T15:28:38+08:00"}
{"level":"debug","msg":"use sqlite3 as db","time":"2024-02-17T15:28:39+08:00"}
{"level":"error","msg":"listen tcp 0.0.0.0:8008: bind: Only one usage of each socket address (protocol/network address/port) is normally permitted.","time":"2024-02-17T15:28:39+08:00"}
{"level":"debug","msg":"use sqlite3 as db","time":"2024-02-17T15:28:44+08:00"}
{"level":"debug","msg":"use sqlite3 as db","time":"2024-02-17T15:28:46+08:00"}
{"level":"error","msg":"listen tcp 0.0.0.0:8008: bind: Only one usage of each socket address (protocol/network address/port) is normally permitted.","time":"2024-02-17T15:28:46+08:00"}
{"level":"debug","msg":"use sqlite3 as db","time":"2024-02-17T15:28:48+08:00"}
{"level":"debug","msg":"use sqlite3 as db","time":"2024-02-17T15:28:50+08:00"}
{"level":"error","msg":"listen tcp 0.0.0.0:8008: bind: Only one usage of each socket address (protocol/network address/port) is normally permitted.","time":"2024-02-17T15:28:50+08:00"}
{"level":"debug","msg":"use sqlite3 as db","time":"2024-02-17T15:28:56+08:00"}
{"level":"debug","msg":"use sqlite3 as db","time":"2024-02-17T15:28:58+08:00"}
{"level":"error","msg":"listen tcp 0.0.0.0:8008: bind: Only one usage of each socket address (protocol/network address/port) is normally permitted.","time":"2024-02-17T15:28:58+08:00"}
{"level":"debug","msg":"use sqlite3 as db","time":"2024-02-17T15:28:59+08:00"}
{"level":"debug","msg":"use sqlite3 as db","time":"2024-02-17T15:29:01+08:00"}
{"level":"error","msg":"listen tcp 0.0.0.0:8008: bind: Only one usage of each socket address (protocol/network address/port) is normally permitted.","time":"2024-02-17T15:29:01+08:00"}
{"level":"debug","msg":"use sqlite3 as db","time":"2024-02-17T15:29:09+08:00"}
{"level":"debug","msg":"use sqlite3 as db","time":"2024-02-17T15:29:10+08:00"}
{"level":"error","msg":"listen tcp 0.0.0.0:8008: bind: Only one usage of each socket address (protocol/network address/port) is normally permitted.","time":"2024-02-17T15:29:10+08:00"}
{"level":"debug","msg":"use sqlite3 as db","time":"2024-02-17T15:29:11+08:00"}
{"level":"debug","msg":"use sqlite3 as db","time":"2024-02-17T15:29:13+08:00"}
{"level":"error","msg":"listen tcp 0.0.0.0:8008: bind: Only one usage of each socket address (protocol/network address/port) is normally permitted.","time":"2024-02-17T15:29:13+08:00"}
{"level":"debug","msg":"use sqlite3 as db","time":"2024-02-17T15:29:19+08:00"}
{"level":"debug","msg":"use sqlite3 as db","time":"2024-02-17T15:29:21+08:00"}
{"level":"error","msg":"listen tcp 0.0.0.0:8008: bind: Only one usage of each socket address (protocol/network address/port) is normally permitted.","time":"2024-02-17T15:29:21+08:00"}
{"level":"debug","msg":"use sqlite3 as db","time":"2024-02-17T15:29:22+08:00"}
{"level":"debug","msg":"use sqlite3 as db","time":"2024-02-17T15:29:24+08:00"}
{"level":"error","msg":"listen tcp 0.0.0.0:8008: bind: Only one usage of each socket address (protocol/network address/port) is normally permitted.","time":"2024-02-17T15:29:24+08:00"}
{"level":"debug","msg":"use sqlite3 as db","time":"2024-02-17T15:29:30+08:00"}
{"level":"debug","msg":"use sqlite3 as db","time":"2024-02-17T15:29:34+08:00"}
{"level":"debug","msg":"use sqlite3 as db","time":"2024-02-17T15:29:38+08:00"}
{"level":"debug","msg":"use sqlite3 as db","time":"2024-02-17T15:29:38+08:00"}
{"level":"error","msg":"listen tcp 0.0.0.0:8008: bind: Only one usage of each socket address (protocol/network address/port) is normally permitted.","time":"2024-02-17T15:29:39+08:00"}
{"level":"debug","msg":"use sqlite3 as db","time":"2024-02-17T15:29:40+08:00"}
{"level":"debug","msg":"use sqlite3 as db","time":"2024-02-17T15:29:41+08:00"}
{"level":"error","msg":"listen tcp 0.0.0.0:8008: bind: Only one usage of each socket address (protocol/network address/port) is normally permitted.","time":"2024-02-17T15:29:41+08:00"}
{"level":"debug","msg":"use sqlite3 as db","time":"2024-02-17T15:29:48+08:00"}
{"level":"debug","msg":"use sqlite3 as db","time":"2024-02-17T15:29:50+08:00"}
{"level":"error","msg":"listen tcp 0.0.0.0:8008: bind: Only one usage of each socket address (protocol/network address/port) is normally permitted.","time":"2024-02-17T15:29:50+08:00"}
{"level":"debug","msg":"use sqlite3 as db","time":"2024-02-17T15:29:51+08:00"}
{"level":"debug","msg":"use sqlite3 as db","time":"2024-02-17T15:30:01+08:00"}
{"level":"debug","msg":"use sqlite3 as db","time":"2024-02-17T15:30:01+08:00"}
{"level":"error","msg":"listen tcp 0.0.0.0:8008: bind: Only one usage of each socket address (protocol/network address/port) is normally permitted.","time":"2024-02-17T15:30:01+08:00"}
{"level":"debug","msg":"use sqlite3 as db","time":"2024-02-17T15:30:02+08:00"}
{"level":"debug","msg":"use sqlite3 as db","time":"2024-02-17T15:30:05+08:00"}
{"level":"debug","msg":"use sqlite3 as db","time":"2024-02-17T15:30:10+08:00"}
{"level":"debug","msg":"use sqlite3 as db","time":"2024-02-17T15:30:13+08:00"}
{"level":"debug","msg":"use sqlite3 as db","time":"2024-02-17T15:30:14+08:00"}
{"level":"error","msg":"listen tcp 0.0.0.0:8008: bind: Only one usage of each socket address (protocol/network address/port) is normally permitted.","time":"2024-02-17T15:30:14+08:00"}
{"level":"debug","msg":"use sqlite3 as db","time":"2024-02-17T15:30:15+08:00"}
{"level":"debug","msg":"use sqlite3 as db","time":"2024-02-17T15:30:18+08:00"}
{"level":"debug","msg":"use sqlite3 as db","time":"2024-02-17T15:30:20+08:00"}
{"level":"error","msg":"listen tcp 0.0.0.0:8008: bind: Only one usage of each socket address (protocol/network address/port) is normally permitted.","time":"2024-02-17T15:30:20+08:00"}
{"level":"debug","msg":"use sqlite3 as db","time":"2024-02-17T15:30:27+08:00"}
{"level":"debug","msg":"use sqlite3 as db","time":"2024-02-17T15:30:29+08:00"}
{"level":"error","msg":"listen tcp 0.0.0.0:8008: bind: Only one usage of each socket address (protocol/network address/port) is normally permitted.","time":"2024-02-17T15:30:29+08:00"}
{"level":"debug","msg":"use sqlite3 as db","time":"2024-02-17T15:30:30+08:00"}
{"level":"debug","msg":"use sqlite3 as db","time":"2024-02-17T15:30:31+08:00"}
{"level":"error","msg":"listen tcp 0.0.0.0:8008: bind: Only one usage of each socket address (protocol/network address/port) is normally permitted.","time":"2024-02-17T15:30:31+08:00"}
{"level":"debug","msg":"use sqlite3 as db","time":"2024-02-17T15:30:38+08:00"}
{"level":"debug","msg":"use sqlite3 as db","time":"2024-02-17T15:30:40+08:00"}
{"level":"error","msg":"listen tcp 0.0.0.0:8008: bind: Only one usage of each socket address (protocol/network address/port) is normally permitted.","time":"2024-02-17T15:30:40+08:00"}
{"level":"debug","msg":"use sqlite3 as db","time":"2024-02-17T15:30:41+08:00"}
{"level":"debug","msg":"use sqlite3 as db","time":"2024-02-17T15:30:43+08:00"}
{"level":"error","msg":"listen tcp 0.0.0.0:8008: bind: Only one usage of each socket address (protocol/network address/port) is normally permitted.","time":"2024-02-17T15:30:43+08:00"}
{"level":"debug","msg":"use sqlite3 as db","time":"2024-02-17T15:30:50+08:00"}
{"level":"debug","msg":"use sqlite3 as db","time":"2024-02-17T15:30:51+08:00"}
{"level":"error","msg":"listen tcp 0.0.0.0:8008: bind: Only one usage of each socket address (protocol/network address/port) is normally permitted.","time":"2024-02-17T15:30:51+08:00"}
{"level":"debug","msg":"use sqlite3 as db","time":"2024-02-17T15:30:53+08:00"}
{"level":"debug","msg":"use sqlite3 as db","time":"2024-02-17T15:30:54+08:00"}
{"level":"error","msg":"listen tcp 0.0.0.0:8008: bind: Only one usage of each socket address (protocol/network address/port) is normally permitted.","time":"2024-02-17T15:30:54+08:00"}
{"level":"debug","msg":"use sqlite3 as db","time":"2024-02-17T15:31:01+08:00"}
{"level":"debug","msg":"use sqlite3 as db","time":"2024-02-17T15:31:03+08:00"}
{"level":"error","msg":"listen tcp 0.0.0.0:8008: bind: Only one usage of each socket address (protocol/network address/port) is normally permitted.","time":"2024-02-17T15:31:03+08:00"}
{"level":"debug","msg":"use sqlite3 as db","time":"2024-02-17T15:31:04+08:00"}
{"level":"debug","msg":"use sqlite3 as db","time":"2024-02-17T15:31:06+08:00"}
{"level":"error","msg":"listen tcp 0.0.0.0:8008: bind: Only one usage of each socket address (protocol/network address/port) is normally permitted.","time":"2024-02-17T15:31:06+08:00"}
{"level":"debug","msg":"use sqlite3 as db","time":"2024-02-17T15:31:13+08:00"}
{"level":"debug","msg":"use sqlite3 as db","time":"2024-02-17T15:31:14+08:00"}
{"level":"error","msg":"listen tcp 0.0.0.0:8008: bind: Only one usage of each socket address (protocol/network address/port) is normally permitted.","time":"2024-02-17T15:31:14+08:00"}
{"level":"debug","msg":"use sqlite3 as db","time":"2024-02-17T15:31:15+08:00"}
{"level":"debug","msg":"use sqlite3 as db","time":"2024-02-17T15:31:17+08:00"}
{"level":"error","msg":"listen tcp 0.0.0.0:8008: bind: Only one usage of each socket address (protocol/network address/port) is normally permitted.","time":"2024-02-17T15:31:17+08:00"}
{"level":"debug","msg":"use sqlite3 as db","time":"2024-02-17T15:31:24+08:00"}
{"level":"debug","msg":"use sqlite3 as db","time":"2024-02-17T15:31:25+08:00"}
{"level":"error","msg":"listen tcp 0.0.0.0:8008: bind: Only one usage of each socket address (protocol/network address/port) is normally permitted.","time":"2024-02-17T15:31:25+08:00"}
{"level":"debug","msg":"use sqlite3 as db","time":"2024-02-17T15:31:27+08:00"}
{"level":"debug","msg":"use sqlite3 as db","time":"2024-02-17T15:31:28+08:00"}
{"level":"error","msg":"listen tcp 0.0.0.0:8008: bind: Only one usage of each socket address (protocol/network address/port) is normally permitted.","time":"2024-02-17T15:31:28+08:00"}
{"level":"debug","msg":"use sqlite3 as db","time":"2024-02-17T15:31:35+08:00"}
{"level":"debug","msg":"use sqlite3 as db","time":"2024-02-17T15:31:36+08:00"}
{"level":"error","msg":"listen tcp 0.0.0.0:8008: bind: Only one usage of each socket address (protocol/network address/port) is normally permitted.","time":"2024-02-17T15:31:37+08:00"}
{"level":"debug","msg":"use sqlite3 as db","time":"2024-02-17T15:31:38+08:00"}
{"level":"debug","msg":"use sqlite3 as db","time":"2024-02-17T15:31:39+08:00"}
{"level":"error","msg":"listen tcp 0.0.0.0:8008: bind: Only one usage of each socket address (protocol/network address/port) is normally permitted.","time":"2024-02-17T15:31:39+08:00"}
{"level":"debug","msg":"use sqlite3 as db","time":"2024-02-17T15:31:46+08:00"}
{"level":"debug","msg":"use sqlite3 as db","time":"2024-02-17T15:31:48+08:00"}
{"level":"error","msg":"listen tcp 0.0.0.0:8008: bind: Only one usage of each socket address (protocol/network address/port) is normally permitted.","time":"2024-02-17T15:31:48+08:00"}
{"level":"debug","msg":"use sqlite3 as db","time":"2024-02-17T15:31:49+08:00"}
{"level":"debug","msg":"use sqlite3 as db","time":"2024-02-17T15:31:51+08:00"}
{"level":"error","msg":"listen tcp 0.0.0.0:8008: bind: Only one usage of each socket address (protocol/network address/port) is normally permitted.","time":"2024-02-17T15:31:51+08:00"}
{"level":"debug","msg":"use sqlite3 as db","time":"2024-02-17T15:31:57+08:00"}
{"level":"debug","msg":"use sqlite3 as db","time":"2024-02-17T15:31:59+08:00"}
{"level":"error","msg":"listen tcp 0.0.0.0:8008: bind: Only one usage of each socket address (protocol/network address/port) is normally permitted.","time":"2024-02-17T15:31:59+08:00"}
{"level":"debug","msg":"use sqlite3 as db","time":"2024-02-17T15:32:00+08:00"}
{"level":"debug","msg":"use sqlite3 as db","time":"2024-02-17T15:32:02+08:00"}
{"level":"error","msg":"listen tcp 0.0.0.0:8008: bind: Only one usage of each socket address (protocol/network address/port) is normally permitted.","time":"2024-02-17T15:32:02+08:00"}
{"level":"debug","msg":"use sqlite3 as db","time":"2024-02-17T15:32:09+08:00"}
{"level":"debug","msg":"use sqlite3 as db","time":"2024-02-17T15:32:11+08:00"}
{"level":"error","msg":"listen tcp 0.0.0.0:8008: bind: Only one usage of each socket address (protocol/network address/port) is normally permitted.","time":"2024-02-17T15:32:11+08:00"}
{"level":"debug","msg":"use sqlite3 as db","time":"2024-02-17T15:32:12+08:00"}
{"level":"debug","msg":"use sqlite3 as db","time":"2024-02-17T15:32:13+08:00"}
{"level":"error","msg":"listen tcp 0.0.0.0:8008: bind: Only one usage of each socket address (protocol/network address/port) is normally permitted.","time":"2024-02-17T15:32:13+08:00"}
{"level":"debug","msg":"use sqlite3 as db","time":"2024-02-17T15:32:20+08:00"}
{"level":"debug","msg":"use sqlite3 as db","time":"2024-02-17T15:32:22+08:00"}
{"level":"error","msg":"listen tcp 0.0.0.0:8008: bind: Only one usage of each socket address (protocol/network address/port) is normally permitted.","time":"2024-02-17T15:32:22+08:00"}
{"level":"debug","msg":"use sqlite3 as db","time":"2024-02-17T15:32:23+08:00"}
{"level":"debug","msg":"use sqlite3 as db","time":"2024-02-17T15:32:24+08:00"}
{"level":"error","msg":"listen tcp 0.0.0.0:8008: bind: Only one usage of each socket address (protocol/network address/port) is normally permitted.","time":"2024-02-17T15:32:24+08:00"}
{"level":"debug","msg":"use sqlite3 as db","time":"2024-02-17T15:32:32+08:00"}
{"level":"debug","msg":"use sqlite3 as db","time":"2024-02-17T15:32:37+08:00"}
{"level":"debug","msg":"use sqlite3 as db","time":"2024-02-17T15:32:37+08:00"}
{"level":"error","msg":"listen tcp 0.0.0.0:8008: bind: Only one usage of each socket address (protocol/network address/port) is normally permitted.","time":"2024-02-17T15:32:37+08:00"}
{"level":"debug","msg":"use sqlite3 as db","time":"2024-02-17T15:32:38+08:00"}
{"level":"debug","msg":"use sqlite3 as db","time":"2024-02-17T15:32:39+08:00"}
{"level":"debug","msg":"use sqlite3 as db","time":"2024-02-17T15:32:40+08:00"}
{"level":"debug","msg":"use sqlite3 as db","time":"2024-02-17T15:32:50+08:00"}
{"level":"debug","msg":"use sqlite3 as db","time":"2024-02-17T15:32:53+08:00"}
{"level":"debug","msg":"use sqlite3 as db","time":"2024-02-17T15:32:54+08:00"}
{"level":"debug","msg":"use sqlite3 as db","time":"2024-02-17T15:32:55+08:00"}
{"level":"error","msg":"listen tcp 0.0.0.0:8008: bind: Only one usage of each socket address (protocol/network address/port) is normally permitted.","time":"2024-02-17T15:32:55+08:00"}
{"level":"debug","msg":"use sqlite3 as db","time":"2024-02-17T15:32:57+08:00"}
{"level":"debug","msg":"use sqlite3 as db","time":"2024-02-17T15:32:58+08:00"}
{"level":"debug","msg":"use sqlite3 as db","time":"2024-02-17T15:33:02+08:00"}
{"level":"debug","msg":"use sqlite3 as db","time":"2024-02-17T15:43:06+08:00"}
{"level":"debug","msg":"use sqlite3 as db","time":"2024-02-17T15:43:07+08:00"}
{"level":"debug","msg":"use sqlite3 as db","time":"2024-02-17T15:43:08+08:00"}
{"level":"error","msg":"listen tcp 0.0.0.0:8008: bind: Only one usage of each socket address (protocol/network address/port) is normally permitted.","time":"2024-02-17T15:43:08+08:00"}
{"level":"debug","msg":"use sqlite3 as db","time":"2024-02-17T15:43:09+08:00"}
{"level":"debug","msg":"use sqlite3 as db","time":"2024-02-17T15:43:12+08:00"}
{"level":"debug","msg":"use sqlite3 as db","time":"2024-02-17T15:43:13+08:00"}
{"level":"error","msg":"listen tcp 0.0.0.0:8008: bind: Only one usage of each socket address (protocol/network address/port) is normally permitted.","time":"2024-02-17T15:43:13+08:00"}
{"level":"debug","msg":"use sqlite3 as db","time":"2024-02-17T15:43:16+08:00"}
{"level":"debug","msg":"use sqlite3 as db","time":"2024-02-17T15:43:17+08:00"}
{"level":"error","msg":"listen tcp 0.0.0.0:8008: bind: Only one usage of each socket address (protocol/network address/port) is normally permitted.","time":"2024-02-17T15:43:17+08:00"}
{"level":"debug","msg":"use sqlite3 as db","time":"2024-02-17T15:43:20+08:00"}
{"level":"debug","msg":"use sqlite3 as db","time":"2024-02-17T15:43:20+08:00"}
{"level":"error","msg":"listen tcp 0.0.0.0:8008: bind: Only one usage of each socket address (protocol/network address/port) is normally permitted.","time":"2024-02-17T15:43:20+08:00"}
{"level":"debug","msg":"use sqlite3 as db","time":"2024-02-17T15:43:24+08:00"}
{"level":"debug","msg":"use sqlite3 as db","time":"2024-02-17T15:43:24+08:00"}
{"level":"debug","msg":"use sqlite3 as db","time":"2024-02-17T15:43:28+08:00"}
{"level":"debug","msg":"use sqlite3 as db","time":"2024-02-17T15:43:28+08:00"}
{"level":"error","msg":"listen tcp 0.0.0.0:8008: bind: Only one usage of each socket address (protocol/network address/port) is normally permitted.","time":"2024-02-17T15:43:28+08:00"}
{"level":"debug","msg":"use sqlite3 as db","time":"2024-02-17T15:43:32+08:00"}
{"level":"debug","msg":"use sqlite3 as db","time":"2024-02-17T15:43:32+08:00"}
{"level":"error","msg":"listen tcp 0.0.0.0:8008: bind: Only one usage of each socket address (protocol/network address/port) is normally permitted.","time":"2024-02-17T15:43:32+08:00"}
{"level":"debug","msg":"use sqlite3 as db","time":"2024-02-17T15:43:36+08:00"}
{"level":"debug","msg":"use sqlite3 as db","time":"2024-02-17T15:43:36+08:00"}
{"level":"error","msg":"listen tcp 0.0.0.0:8008: bind: Only one usage of each socket address (protocol/network address/port) is normally permitted.","time":"2024-02-17T15:43:36+08:00"}
{"level":"debug","msg":"use sqlite3 as db","time":"2024-02-17T15:43:39+08:00"}
{"level":"debug","msg":"use sqlite3 as db","time":"2024-02-17T15:43:43+08:00"}
{"level":"debug","msg":"use sqlite3 as db","time":"2024-02-17T15:43:45+08:00"}
{"level":"debug","msg":"use sqlite3 as db","time":"2024-02-17T15:43:47+08:00"}
{"level":"debug","msg":"use sqlite3 as db","time":"2024-02-17T15:43:50+08:00"}
{"level":"debug","msg":"use sqlite3 as db","time":"2024-02-17T15:43:52+08:00"}
{"level":"debug","msg":"use sqlite3 as db","time":"2024-02-17T15:43:55+08:00"}
{"level":"debug","msg":"use sqlite3 as db","time":"2024-02-17T15:43:56+08:00"}
{"level":"error","msg":"listen tcp 0.0.0.0:8008: bind: Only one usage of each socket address (protocol/network address/port) is normally permitted.","time":"2024-02-17T15:43:56+08:00"}
{"level":"debug","msg":"use sqlite3 as db","time":"2024-02-17T15:43:56+08:00"}
{"level":"debug","msg":"use sqlite3 as db","time":"2024-02-17T15:43:59+08:00"}
{"level":"debug","msg":"use sqlite3 as db","time":"2024-02-17T15:44:03+08:00"}
{"level":"debug","msg":"use sqlite3 as db","time":"2024-02-17T15:44:03+08:00"}
{"level":"error","msg":"listen tcp 0.0.0.0:8008: bind: Only one usage of each socket address (protocol/network address/port) is normally permitted.","time":"2024-02-17T15:44:03+08:00"}
{"level":"debug","msg":"use sqlite3 as db","time":"2024-02-17T15:44:07+08:00"}
{"level":"debug","msg":"use sqlite3 as db","time":"2024-02-17T15:44:11+08:00"}
{"level":"debug","msg":"use sqlite3 as db","time":"2024-02-17T15:44:13+08:00"}
{"level":"debug","msg":"use sqlite3 as db","time":"2024-02-17T15:44:15+08:00"}
{"level":"debug","msg":"use sqlite3 as db","time":"2024-02-17T15:44:17+08:00"}
{"level":"debug","msg":"use sqlite3 as db","time":"2024-02-17T15:44:19+08:00"}
{"level":"debug","msg":"use sqlite3 as db","time":"2024-02-17T15:44:21+08:00"}
{"level":"debug","msg":"use sqlite3 as db","time":"2024-02-17T15:44:24+08:00"}
{"level":"debug","msg":"use sqlite3 as db","time":"2024-02-17T15:44:25+08:00"}
{"level":"error","msg":"listen tcp 0.0.0.0:8008: bind: Only one usage of each socket address (protocol/network address/port) is normally permitted.","time":"2024-02-17T15:44:25+08:00"}
{"level":"debug","msg":"use sqlite3 as db","time":"2024-02-17T15:44:25+08:00"}
{"level":"debug","msg":"use sqlite3 as db","time":"2024-02-17T15:44:28+08:00"}
{"level":"debug","msg":"use sqlite3 as db","time":"2024-02-17T15:44:29+08:00"}
{"level":"error","msg":"listen tcp 0.0.0.0:8008: bind: Only one usage of each socket address (protocol/network address/port) is normally permitted.","time":"2024-02-17T15:44:29+08:00"}
{"level":"debug","msg":"use sqlite3 as db","time":"2024-02-17T15:44:35+08:00"}
{"level":"debug","msg":"use sqlite3 as db","time":"2024-02-17T15:44:37+08:00"}
{"level":"debug","msg":"use sqlite3 as db","time":"2024-02-17T15:44:40+08:00"}
{"level":"debug","msg":"use sqlite3 as db","time":"2024-02-17T15:44:42+08:00"}
{"level":"debug","msg":"use sqlite3 as db","time":"2024-02-17T15:44:44+08:00"}
{"level":"debug","msg":"use sqlite3 as db","time":"2024-02-17T15:44:46+08:00"}
{"level":"debug","msg":"use sqlite3 as db","time":"2024-02-17T15:44:48+08:00"}
{"level":"debug","msg":"use sqlite3 as db","time":"2024-02-17T15:44:51+08:00"}
{"level":"debug","msg":"use sqlite3 as db","time":"2024-02-17T15:44:53+08:00"}
{"level":"debug","msg":"use sqlite3 as db","time":"2024-02-17T15:44:55+08:00"}
{"level":"debug","msg":"use sqlite3 as db","time":"2024-02-17T15:45:03+08:00"}
{"level":"debug","msg":"use sqlite3 as db","time":"2024-02-17T15:47:31+08:00"}
{"level":"debug","msg":"use sqlite3 as db","time":"2024-02-17T15:52:47+08:00"}
{"level":"debug","msg":"use sqlite3 as db","time":"2024-02-17T15:53:21+08:00"}
{"level":"debug","msg":"use sqlite3 as db","time":"2024-02-17T15:57:50+08:00"}
{"level":"debug","msg":"use sqlite3 as db","time":"2024-02-17T15:59:42+08:00"}
{"level":"debug","msg":"use sqlite3 as db","time":"2024-02-17T16:00:28+08:00"}
{"level":"debug","msg":"use sqlite3 as db","time":"2024-02-17T16:01:54+08:00"}
{"level":"debug","msg":"use sqlite3 as db","time":"2024-02-17T16:03:25+08:00"}
{"level":"debug","msg":"use sqlite3 as db","time":"2024-02-17T16:04:19+08:00"}
{"level":"debug","msg":"use sqlite3 as db","time":"2024-02-17T16:10:16+08:00"}
{"level":"debug","msg":"use sqlite3 as db","time":"2024-02-17T16:14:42+08:00"}
{"level":"debug","msg":"use sqlite3 as db","time":"2024-02-17T16:23:54+08:00"}
{"level":"debug","msg":"use sqlite3 as db","time":"2024-02-17T16:24:05+08:00"}
{"level":"debug","msg":"use sqlite3 as db","time":"2024-02-17T16:24:48+08:00"}
{"level":"debug","msg":"use sqlite3 as db","time":"2024-02-17T16:25:13+08:00"}
{"level":"debug","msg":"use sqlite3 as db","time":"2024-02-17T16:30:01+08:00"}
{"level":"debug","msg":"use sqlite3 as db","time":"2024-02-17T16:30:22+08:00"}
{"level":"debug","msg":"use sqlite3 as db","time":"2024-02-17T16:30:35+08:00"}
{"level":"debug","msg":"use sqlite3 as db","time":"2024-02-17T16:32:51+08:00"}
{"level":"debug","msg":"use sqlite3 as db","time":"2024-02-17T16:33:01+08:00"}
{"level":"debug","msg":"use sqlite3 as db","time":"2024-02-17T16:36:30+08:00"}
{"level":"debug","msg":"use sqlite3 as db","time":"2024-02-17T16:50:14+08:00"}
{"level":"debug","msg":"use sqlite3 as db","time":"2024-02-17T16:57:32+08:00"}
{"level":"debug","msg":"use sqlite3 as db","time":"2024-02-17T21:12:11+08:00"}
{"level":"debug","msg":"use sqlite3 as db","time":"2024-02-17T21:27:50+08:00"}
{"level":"debug","msg":"use sqlite3 as db","time":"2024-02-18T10:07:50+08:00"}
{"level":"debug","msg":"use sqlite3 as db","time":"2024-02-18T10:10:58+08:00"}
{"level":"debug","msg":"use sqlite3 as db","time":"2024-02-18T10:13:08+08:00"}
{"level":"debug","msg":"use sqlite3 as db","time":"2024-02-18T10:15:09+08:00"}
{"level":"debug","msg":"use sqlite3 as db","time":"2024-02-18T10:20:16+08:00"}
{"level":"debug","msg":"use sqlite3 as db","time":"2024-02-18T10:20:55+08:00"}
{"level":"debug","msg":"use sqlite3 as db","time":"2024-02-18T10:21:21+08:00"}
{"level":"debug","msg":"use sqlite3 as db","time":"2024-02-18T10:22:24+08:00"}
{"level":"debug","msg":"use sqlite3 as db","time":"2024-02-18T10:24:38+08:00"}
{"level":"debug","msg":"use sqlite3 as db","time":"2024-02-18T10:25:22+08:00"}
{"level":"debug","msg":"use sqlite3 as db","time":"2024-02-18T10:25:28+08:00"}
{"level":"debug","msg":"use sqlite3 as db","time":"2024-02-18T10:26:21+08:00"}
{"level":"debug","msg":"use sqlite3 as db","time":"2024-02-18T10:27:39+08:00"}
{"level":"debug","msg":"use sqlite3 as db","time":"2024-02-18T10:28:12+08:00"}
{"level":"debug","msg":"use sqlite3 as db","time":"2024-02-18T10:29:18+08:00"}
{"level":"debug","msg":"use sqlite3 as db","time":"2024-02-18T10:33:37+08:00"}
{"level":"debug","msg":"use sqlite3 as db","time":"2024-02-18T10:37:20+08:00"}
{"level":"debug","msg":"use sqlite3 as db","time":"2024-02-18T10:37:49+08:00"}
{"level":"debug","msg":"use sqlite3 as db","time":"2024-02-18T10:38:19+08:00"}
{"level":"debug","msg":"use sqlite3 as db","time":"2024-02-18T10:41:46+08:00"}
{"level":"debug","msg":"use sqlite3 as db","time":"2024-02-18T10:42:43+08:00"}
{"level":"debug","msg":"use sqlite3 as db","time":"2024-02-18T10:45:47+08:00"}
{"level":"debug","msg":"use sqlite3 as db","time":"2024-02-18T10:46:29+08:00"}
{"level":"debug","msg":"use sqlite3 as db","time":"2024-02-18T10:47:03+08:00"}
{"level":"debug","msg":"use sqlite3 as db","time":"2024-02-18T10:47:15+08:00"}
{"level":"debug","msg":"use sqlite3 as db","time":"2024-02-18T10:47:47+08:00"}
{"level":"debug","msg":"use sqlite3 as db","time":"2024-02-18T10:47:53+08:00"}
{"level":"debug","msg":"use sqlite3 as db","time":"2024-02-18T10:48:33+08:00"}
{"level":"debug","msg":"use sqlite3 as db","time":"2024-02-18T10:49:15+08:00"}
{"level":"debug","msg":"use sqlite3 as db","time":"2024-02-18T10:49:42+08:00"}
{"level":"debug","msg":"use sqlite3 as db","time":"2024-02-18T10:51:12+08:00"}
{"level":"debug","msg":"use sqlite3 as db","time":"2024-02-18T10:51:46+08:00"}
{"level":"debug","msg":"use sqlite3 as db","time":"2024-02-18T10:52:32+08:00"}
{"level":"debug","msg":"use sqlite3 as db","time":"2024-02-18T10:52:44+08:00"}
{"level":"debug","msg":"use sqlite3 as db","time":"2024-02-18T10:55:30+08:00"}
{"level":"debug","msg":"use sqlite3 as db","time":"2024-02-18T11:02:31+08:00"}
{"level":"debug","msg":"use sqlite3 as db","time":"2024-02-18T11:03:25+08:00"}
{"level":"debug","msg":"use sqlite3 as db","time":"2024-02-18T11:04:36+08:00"}
{"level":"debug","msg":"use sqlite3 as db","time":"2024-02-18T11:05:47+08:00"}
{"level":"debug","msg":"use sqlite3 as db","time":"2024-02-18T11:12:10+08:00"}
{"level":"debug","msg":"use sqlite3 as db","time":"2024-02-18T11:14:30+08:00"}
{"level":"debug","msg":"use sqlite3 as db","time":"2024-02-18T14:49:46+08:00"}
{"level":"error","msg":"redis连接失败:127.0.0.1:6379","time":"2024-02-18T14:49:46+08:00"}
{"level":"debug","msg":"use sqlite3 as db","time":"2024-02-18T14:49:57+08:00"}
{"level":"error","msg":"redis连接失败:127.0.0.1:6379","time":"2024-02-18T14:49:57+08:00"}
{"level":"debug","msg":"use sqlite3 as db","time":"2024-02-18T14:51:54+08:00"}
{"level":"error","msg":"redis连接失败:127.0.0.1:6379","time":"2024-02-18T14:51:54+08:00"}
{"level":"debug","msg":"use sqlite3 as db","time":"2024-02-18T14:52:55+08:00"}
{"level":"error","msg":"redis连接失败:127.0.0.1:6379","time":"2024-02-18T14:52:55+08:00"}
{"level":"debug","msg":"use sqlite3 as db","time":"2024-02-18T14:56:15+08:00"}
{"level":"error","msg":"redis连接失败:127.0.0.1:6379","time":"2024-02-18T14:56:15+08:00"}
{"level":"debug","msg":"use sqlite3 as db","time":"2024-02-18T14:58:40+08:00"}
{"level":"error","msg":"redis连接失败:127.0.0.1:6379","time":"2024-02-18T14:58:40+08:00"}
{"level":"debug","msg":"use sqlite3 as db","time":"2024-02-18T14:59:23+08:00"}
{"level":"error","msg":"redis连接失败:127.0.0.1:6379","time":"2024-02-18T14:59:23+08:00"}
{"level":"debug","msg":"use sqlite3 as db","time":"2024-02-18T15:01:28+08:00"}
{"level":"error","msg":"redis连接失败:127.0.0.1:6379","time":"2024-02-18T15:01:28+08:00"}
{"level":"debug","msg":"use sqlite3 as db","time":"2024-02-18T15:08:52+08:00"}
{"level":"error","msg":"redis连接失败:127.0.0.1:6379","time":"2024-02-18T15:08:52+08:00"}
{"level":"debug","msg":"use sqlite3 as db","time":"2024-02-18T15:10:37+08:00"}
{"level":"error","msg":"redis连接失败:127.0.0.1:6379","time":"2024-02-18T15:10:37+08:00"}
{"level":"debug","msg":"use sqlite3 as db","time":"2024-02-18T15:12:18+08:00"}
{"level":"error","msg":"redis连接失败:127.0.0.1:6379","time":"2024-02-18T15:12:18+08:00"}
{"level":"debug","msg":"use sqlite3 as db","time":"2024-02-18T15:13:46+08:00"}
{"level":"error","msg":"redis连接失败:127.0.0.1:6379","time":"2024-02-18T15:13:46+08:00"}
{"level":"debug","msg":"use sqlite3 as db","time":"2024-02-18T15:13:58+08:00"}
{"level":"error","msg":"redis连接失败:127.0.0.1:6379","time":"2024-02-18T15:13:58+08:00"}
{"level":"debug","msg":"use sqlite3 as db","time":"2024-02-18T15:15:40+08:00"}
{"level":"error","msg":"redis连接失败:127.0.0.1:6379","time":"2024-02-18T15:15:40+08:00"}
{"level":"debug","msg":"use sqlite3 as db","time":"2024-02-18T15:15:41+08:00"}
{"level":"error","msg":"redis连接失败:127.0.0.1:6379","time":"2024-02-18T15:15:41+08:00"}
{"level":"error","msg":"listen tcp 0.0.0.0:8008: bind: Only one usage of each socket address (protocol/network address/port) is normally permitted.","time":"2024-02-18T15:15:41+08:00"}
{"level":"debug","msg":"use sqlite3 as db","time":"2024-02-18T15:22:37+08:00"}
{"level":"error","msg":"redis连接失败:127.0.0.1:6379","time":"2024-02-18T15:22:37+08:00"}
{"level":"debug","msg":"use sqlite3 as db","time":"2024-02-18T15:23:03+08:00"}
{"level":"error","msg":"redis连接失败:127.0.0.1:6379","time":"2024-02-18T15:23:03+08:00"}
{"level":"debug","msg":"use sqlite3 as db","time":"2024-02-18T15:25:19+08:00"}
{"level":"error","msg":"redis连接失败:127.0.0.1:6379","time":"2024-02-18T15:25:19+08:00"}
{"level":"debug","msg":"use sqlite3 as db","time":"2024-02-18T15:32:22+08:00"}
{"level":"error","msg":"redis连接失败:127.0.0.1:6379","time":"2024-02-18T15:32:22+08:00"}
{"level":"debug","msg":"use sqlite3 as db","time":"2024-02-18T15:32:24+08:00"}
{"level":"error","msg":"redis连接失败:127.0.0.1:6379","time":"2024-02-18T15:32:24+08:00"}
{"level":"error","msg":"listen tcp 0.0.0.0:8008: bind: Only one usage of each socket address (protocol/network address/port) is normally permitted.","time":"2024-02-18T15:32:24+08:00"}
{"level":"debug","msg":"use sqlite3 as db","time":"2024-02-18T15:34:44+08:00"}
{"level":"error","msg":"redis连接失败:127.0.0.1:6379","time":"2024-02-18T15:34:44+08:00"}
{"level":"debug","msg":"use sqlite3 as db","time":"2024-02-18T15:39:10+08:00"}
{"level":"error","msg":"redis连接失败:127.0.0.1:6379","time":"2024-02-18T15:39:10+08:00"}
{"level":"debug","msg":"use sqlite3 as db","time":"2024-02-18T15:39:15+08:00"}
{"level":"error","msg":"redis连接失败:127.0.0.1:6379","time":"2024-02-18T15:39:15+08:00"}
{"level":"error","msg":"listen tcp 0.0.0.0:8008: bind: Only one usage of each socket address (protocol/network address/port) is normally permitted.","time":"2024-02-18T15:39:15+08:00"}
{"level":"debug","msg":"use sqlite3 as db","time":"2024-02-18T15:39:26+08:00"}
{"level":"error","msg":"redis连接失败:127.0.0.1:6379","time":"2024-02-18T15:39:26+08:00"}
{"level":"debug","msg":"use sqlite3 as db","time":"2024-02-18T15:42:27+08:00"}
{"level":"error","msg":"redis连接失败:127.0.0.1:6379","time":"2024-02-18T15:42:27+08:00"}
{"level":"debug","msg":"use sqlite3 as db","time":"2024-02-18T15:43:51+08:00"}
{"level":"error","msg":"redis连接失败:127.0.0.1:6379","time":"2024-02-18T15:43:51+08:00"}
{"level":"debug","msg":"use sqlite3 as db","time":"2024-02-18T15:45:43+08:00"}
{"level":"error","msg":"redis连接失败:127.0.0.1:6379","time":"2024-02-18T15:45:43+08:00"}
{"level":"debug","msg":"get img captcha err:ERR This instance has cluster support disabled expect: got:777532","time":"2024-02-18T15:51:31+08:00"}
{"level":"debug","msg":"get img captcha err:ERR This instance has cluster support disabled expect: got:777532","time":"2024-02-18T15:51:50+08:00"}
{"level":"debug","msg":"use sqlite3 as db","time":"2024-02-18T15:58:14+08:00"}
{"level":"info","msg":"E:/Codefield/nunu/backend/persistence/jinzhu/security.go:91 no such table: p_captcha\n[0.989ms] [rows:0] INSERT INTO `p_captcha` (`created_on`,`modified_on`,`deleted_on`,`is_del`,`type`,`destination`,`captcha`,`use_times`,`expired_on`) VALUES (1708243115,1708243115,0,\"0\",\"2\",\"dengfengcheng2019@163.com\",\"569592\",0,1708243415) RETURNING `id`","time":"2024-02-18T15:58:35+08:00"}
{"level":"error","msg":"Failed to  sending email (dengfengcheng2019@163.com) verification code:no such table: p_captcha","time":"2024-02-18T15:58:35+08:00"}
{"level":"debug","msg":"use sqlite3 as db","time":"2024-02-18T15:59:57+08:00"}
{"level":"debug","msg":"Database is being migrated...","time":"2024-02-18T15:59:57+08:00"}
{"level":"debug","msg":"use sqlite3 as db","time":"2024-02-18T16:00:27+08:00"}
{"level":"debug","msg":"use sqlite3 as db","time":"2024-02-18T16:02:28+08:00"}
{"level":"debug","msg":"get img captcha err:redis: nil expect: got:679364","time":"2024-02-18T16:04:10+08:00"}
{"level":"debug","msg":"use sqlite3 as db","time":"2024-02-18T16:08:21+08:00"}
{"level":"debug","msg":"get img captcha err:redis: nil expect: got:737444","time":"2024-02-18T16:09:45+08:00"}
{"level":"debug","msg":"get img captcha err:redis: nil expect: got:066328","time":"2024-02-18T16:13:39+08:00"}
{"level":"debug","msg":"use sqlite3 as db","time":"2024-02-18T16:16:27+08:00"}
{"level":"debug","msg":"use sqlite3 as db","time":"2024-02-18T16:19:22+08:00"}
{"level":"error","msg":"internal server error was  happened at finding username:root : record not found","time":"2024-02-18T16:23:33+08:00"}
{"level":"debug","msg":"use sqlite3 as db","time":"2024-02-18T16:25:00+08:00"}
{"level":"debug","msg":"This version does not support the mobile phone binding function for the time being","time":"2024-02-18T16:25:00+08:00"}
{"level":"debug","msg":"use sqlite3 as db","time":"2024-02-18T16:31:35+08:00"}
{"level":"debug","msg":"This version does not support the mobile phone binding function for the time being","time":"2024-02-18T16:32:27+08:00"}
{"level":"debug","msg":"use sqlite3 as db","time":"2024-02-18T16:35:51+08:00"}
{"level":"error","msg":"The email (dengfengcheng2019@163.com) verification code is wrong:req.captcha:467345,internal captcha:467745","time":"2024-02-18T16:36:50+08:00"}
{"level":"error","msg":"The email (dengfengcheng2019@163.com) verification code is wrong:req.captcha:467345,internal captcha:467745","time":"2024-02-18T16:37:05+08:00"}
{"level":"error","msg":"The email (dengfengcheng2019@163.com) verification code is expired:req.captcha:467745,internal captcha:467745","time":"2024-02-18T16:37:12+08:00"}
{"level":"error","msg":"The email (dengfengcheng2019@163.com) verification code is expired:req.captcha:467745,internal captcha:467745","time":"2024-02-18T16:37:13+08:00"}
{"level":"error","msg":"The email (dengfengcheng2019@163.com) verification code is expired:req.captcha:467745,internal captcha:467745","time":"2024-02-18T16:37:14+08:00"}
{"level":"error","msg":"The email (dengfengcheng2019@163.com) verification code is expired:req.captcha:467745,internal captcha:467745","time":"2024-02-18T16:37:16+08:00"}
{"level":"debug","msg":"use sqlite3 as db","time":"2024-02-18T16:39:06+08:00"}
{"level":"debug","msg":"get img captcha err:redis: nil expect: got:219382","time":"2024-02-18T16:39:09+08:00"}
{"level":"error","msg":"The email (dengfengcheng2019@163.com) verification code is wrong:req.captcha:467745,internal captcha:574765","time":"2024-02-18T16:39:19+08:00"}
{"level":"error","msg":"The email (dengfengcheng2019@163.com) verification code is wrong:req.captcha:467745,internal captcha:574765","time":"2024-02-18T16:39:22+08:00"}
{"level":"debug","msg":"This version does not support the mobile phone binding function for the time being","time":"2024-02-18T16:39:29+08:00"}
{"level":"error","msg":"The email (dengfengcheng2019@163.com) verification code is wrong:req.captcha:74765,internal captcha:574765","time":"2024-02-18T16:41:11+08:00"}
{"level":"error","msg":"The email (dengfengcheng2019@163.com) verification code is wrong:req.captcha:74765,internal captcha:574765","time":"2024-02-18T16:41:12+08:00"}
{"level":"error","msg":"The email (dengfengcheng2019@163.com) verification code is wrong:req.captcha:74765,internal captcha:574765","time":"2024-02-18T16:41:14+08:00"}
{"level":"error","msg":"The email (dengfengcheng2019@163.com) verification code is wrong:req.captcha:74765,internal captcha:574765","time":"2024-02-18T16:41:15+08:00"}
{"level":"error","msg":"The email (dengfengcheng2019@163.com) verification code is wrong:req.captcha:74765,internal captcha:574765","time":"2024-02-18T16:41:16+08:00"}
{"level":"error","msg":"The email (dengfengcheng2019@163.com) verification code is wrong:req.captcha:74765,internal captcha:574765","time":"2024-02-18T16:41:17+08:00"}
{"level":"error","msg":"\"The email verification code has reached the maximum number of times it can be used:req.mail:dengfengcheng2019@163.com,internal.captcha:574765","time":"2024-02-18T16:41:22+08:00"}
{"level":"debug","msg":"use sqlite3 as db","time":"2024-02-18T16:53:31+08:00"}
{"level":"debug","msg":"use sqlite3 as db","time":"2024-02-18T16:53:46+08:00"}
{"level":"debug","msg":"get img captcha err:%!s(\u003cnil\u003e) expect:473448 got:473348","time":"2024-02-18T16:54:11+08:00"}
{"level":"debug","msg":"use sqlite3 as db","time":"2024-02-18T16:58:13+08:00"}
{"level":"debug","msg":"get img captcha err:redis: nil expect: got:971728","time":"2024-02-18T16:58:16+08:00"}
{"level":"debug","msg":"get img captcha err:redis: nil expect: got:684487","time":"2024-02-18T16:58:48+08:00"}
{"level":"debug","msg":"get img captcha err:redis: nil expect: got:684487","time":"2024-02-18T16:59:12+08:00"}
{"level":"debug","msg":"use sqlite3 as db","time":"2024-02-18T17:10:22+08:00"}
{"level":"debug","msg":"use sqlite3 as db","time":"2024-02-18T17:18:20+08:00"}
{"level":"debug","msg":"use sqlite3 as db","time":"2024-02-18T17:28:24+08:00"}
{"level":"error","msg":"The number of times the email (dengfengcheng2019@163.com)verification code has been obtained has reached the upper limit","time":"2024-02-18T17:28:27+08:00"}
{"level":"debug","msg":"use sqlite3 as db","time":"2024-02-24T21:45:06+08:00"}
{"level":"error","msg":"Ds.GetUserByUsername err:record not found","time":"2024-02-24T21:45:45+08:00"}
{"level":"error","msg":"Ds.GetUserByUsername err:record not found","time":"2024-02-24T21:46:14+08:00"}
{"level":"error","msg":"Ds.GetUserByUsername err:record not found","time":"2024-02-24T21:46:16+08:00"}
{"level":"error","msg":"Ds.GetUserByUsername err:record not found","time":"2024-02-24T21:46:49+08:00"}
{"level":"error","msg":"Ds.GetUserByUsername err:record not found","time":"2024-02-24T21:46:51+08:00"}
{"level":"debug","msg":"This version does not support the mobile phone binding function for the time being","time":"2024-02-24T21:49:50+08:00"}
{"level":"debug","msg":"use sqlite3 as db","time":"2024-02-24T21:53:48+08:00"}
{"level":"debug","msg":"use sqlite3 as db","time":"2024-02-24T21:56:40+08:00"}
{"level":"debug","msg":"use sqlite3 as db","time":"2024-02-24T21:58:05+08:00"}
{"level":"debug","msg":"use sqlite3 as db","time":"2024-02-24T21:59:14+08:00"}
